found bullet
found bullet
found bullet
found bullet
found bullet
found bullet
found bullet
found bullet
found bullet
found bullet
found bullet
found bullet
found bullet
found bullet
found bullet
found bullet
found bullet
found bullet
found bullet
found bullet
found bullet
found bullet
found bullet
found bullet
found bullet
found bullet
found bullet
found bullet
found bullet
found bullet
found bullet
found bullet
found bullet
found bullet
found bullet
found bullet
found bullet
found bullet
found bullet
found bullet
found bullet
found bullet
found bullet
found bullet
found bullet
found bullet
found bullet
found bullet
found bullet
found bullet
found bullet
found bullet
bullet hit something
bullet hit something
found bullet
found bullet
found bullet
found bullet
found bullet
found bullet
found bullet
found bullet
bullet hit something
bullet hit something
found bullet
bullet hit something
bullet hit something
found bullet
bullet hit something
bullet hit something
found bullet
bullet hit something
bullet hit something
found bullet
found bullet
found bullet
found bullet
found bullet
found bullet
found bullet
found bullet
found bullet
found bullet
found bullet
found bullet
found bullet
found bullet
found bullet
found bullet
found bullet
found bullet
found bullet
found bullet
found bullet
found bullet
found bullet
found bullet
found bullet
found bullet
found bullet
found bullet
found bullet
found bullet
found bullet
found bullet
found bullet
found bullet
found bullet
found bullet
found bullet
found bullet
found bullet
found bullet
found bullet
found bullet
found bullet
found bullet
found bullet
found bullet
found bullet
found bullet
found bullet
found bullet
found bullet
found bullet
found bullet
found bullet
found bullet
found bullet
found bullet
found bullet
found bullet
found bullet
found bullet
found bullet
found bullet
found bullet
found bullet
found bullet
found bullet
found bullet
found bullet
found bullet
found bullet
found bullet
found bullet
found bullet
bullet hit something
bullet hit something
found bullet
found bullet
found bullet
found bullet
found bullet
bullet hit something
bullet hit something
calling XDestroyWindow
calling XCloseDisplay
done with cleanupXWindows
